e:\openframeworks\of_v0.10.1_vs2017_release\apps\myapps\devicechangedetection\sources\bin\libs\debug\obj\devicedetectlibrary\devicedetectlibrary.pch
e:\openframeworks\of_v0.10.1_vs2017_release\apps\myapps\devicechangedetection\sources\bin\libs\debug\obj\devicedetectlibrary\devicedetectlibrary.pdb
e:\openframeworks\of_v0.10.1_vs2017_release\apps\myapps\devicechangedetection\sources\bin\libs\debug\obj\devicedetectlibrary\devicedetectlibrary.idb
e:\openframeworks\of_v0.10.1_vs2017_release\apps\myapps\devicechangedetection\sources\bin\libs\debug\obj\devicedetectlibrary\stdafx.obj
e:\openframeworks\of_v0.10.1_vs2017_release\apps\myapps\devicechangedetection\sources\bin\libs\debug\obj\devicedetectlibrary\connectioninfo.obj
e:\openframeworks\of_v0.10.1_vs2017_release\apps\myapps\devicechangedetection\sources\bin\libs\debug\obj\devicedetectlibrary\c_ausbenumerator.obj
e:\openframeworks\of_v0.10.1_vs2017_release\apps\myapps\devicechangedetection\sources\bin\libs\debug\obj\devicedetectlibrary\c_blackberryusbenumerator.obj
e:\openframeworks\of_v0.10.1_vs2017_release\apps\myapps\devicechangedetection\sources\bin\libs\debug\obj\devicedetectlibrary\c_modemdevicechecker.obj
e:\openframeworks\of_v0.10.1_vs2017_release\apps\myapps\devicechangedetection\sources\bin\libs\debug\obj\devicedetectlibrary\c_modemenumeraror.obj
e:\openframeworks\of_v0.10.1_vs2017_release\apps\myapps\devicechangedetection\sources\bin\libs\debug\obj\devicedetectlibrary\c_mschecker.obj
e:\openframeworks\of_v0.10.1_vs2017_release\apps\myapps\devicechangedetection\sources\bin\libs\debug\obj\devicedetectlibrary\c_msenumerator.obj
e:\openframeworks\of_v0.10.1_vs2017_release\apps\myapps\devicechangedetection\sources\bin\libs\debug\obj\devicedetectlibrary\c_usbenumerator.obj
e:\openframeworks\of_v0.10.1_vs2017_release\apps\myapps\devicechangedetection\sources\bin\libs\debug\obj\devicedetectlibrary\deviceinfo.obj
e:\openframeworks\of_v0.10.1_vs2017_release\apps\myapps\devicechangedetection\sources\bin\libs\debug\obj\devicedetectlibrary\devicewatcher.obj
e:\openframeworks\of_v0.10.1_vs2017_release\apps\myapps\devicechangedetection\sources\bin\libs\debug\obj\devicedetectlibrary\enumdevices.obj
e:\openframeworks\of_v0.10.1_vs2017_release\apps\myapps\devicechangedetection\sources\bin\libs\debug\obj\devicedetectlibrary\enumdisks.obj
e:\openframeworks\of_v0.10.1_vs2017_release\apps\myapps\devicechangedetection\sources\bin\libs\debug\obj\devicedetectlibrary\notifywindow.obj
e:\openframeworks\of_v0.10.1_vs2017_release\apps\myapps\devicechangedetection\sources\bin\libs\debug\obj\devicedetectlibrary\resultenumerator.obj
e:\openframeworks\of_v0.10.1_vs2017_release\apps\myapps\devicechangedetection\sources\bin\libs\debug\obj\devicedetectlibrary\utilities.obj
e:\openframeworks\of_v0.10.1_vs2017_release\apps\myapps\devicechangedetection\sources\bin\libs\debug\obj\devicedetectlibrary\win_autohandle.obj
e:\openframeworks\of_v0.10.1_vs2017_release\apps\myapps\devicechangedetection\sources\bin\libs\debug\obj\devicedetectlibrary\win_criticalsection.obj
e:\openframeworks\of_v0.10.1_vs2017_release\apps\myapps\devicechangedetection\sources\bin\libs\debug\obj\devicedetectlibrary\win_manualresetevent.obj
e:\openframeworks\of_v0.10.1_vs2017_release\apps\myapps\devicechangedetection\sources\bin\libs\debug\obj\devicedetectlibrary\win_thread.obj
e:\openframeworks\of_v0.10.1_vs2017_release\apps\myapps\devicechangedetection\sources\bin\libs\debug\obj\devicedetectlibrary\win_waitobject.obj
e:\openframeworks\of_v0.10.1_vs2017_release\apps\myapps\devicechangedetection\sources\bin\libs\debug\obj\devicedetectlibrary\adevicewatcher.obj
e:\openframeworks\of_v0.10.1_vs2017_release\apps\myapps\devicechangedetection\sources\bin\libs\debug\obj\devicedetectlibrary\autocriticalsection.obj
e:\openframeworks\of_v0.10.1_vs2017_release\apps\myapps\devicechangedetection\sources\bin\libs\debug\devicedetectlibrary.lib
e:\openframeworks\of_v0.10.1_vs2017_release\apps\myapps\devicechangedetection\sources\devicedetectlibrary\../bin/libs/debug\devicedetectlibrary.lib
e:\openframeworks\of_v0.10.1_vs2017_release\apps\myapps\devicechangedetection\sources\bin\libs\debug\obj\devicedetectlibrary\devicede.4e7c44c1.tlog\cl.command.1.tlog
e:\openframeworks\of_v0.10.1_vs2017_release\apps\myapps\devicechangedetection\sources\bin\libs\debug\obj\devicedetectlibrary\devicede.4e7c44c1.tlog\cl.read.1.tlog
e:\openframeworks\of_v0.10.1_vs2017_release\apps\myapps\devicechangedetection\sources\bin\libs\debug\obj\devicedetectlibrary\devicede.4e7c44c1.tlog\cl.write.1.tlog
e:\openframeworks\of_v0.10.1_vs2017_release\apps\myapps\devicechangedetection\sources\bin\libs\debug\obj\devicedetectlibrary\devicede.4e7c44c1.tlog\lib-link.read.1.tlog
e:\openframeworks\of_v0.10.1_vs2017_release\apps\myapps\devicechangedetection\sources\bin\libs\debug\obj\devicedetectlibrary\devicede.4e7c44c1.tlog\lib-link.write.1.tlog
e:\openframeworks\of_v0.10.1_vs2017_release\apps\myapps\devicechangedetection\sources\bin\libs\debug\obj\devicedetectlibrary\devicede.4e7c44c1.tlog\lib.command.1.tlog
